DEBUG:root:Order:2 3 10.0
DEBUG:root:Finish turn

DEBUG:root:Order:2 4 10.0
DEBUG:root:Finish turn

DEBUG:root:Order:2 19 15.0
DEBUG:root:Finish turn

DEBUG:root:Order:2 20 15.0
DEBUG:root:Order:2 4 32
DEBUG:root:Finish turn

DEBUG:root:Order:2 15 20.0
DEBUG:root:Bad order:4 3.0 8
DEBUG:root:Finish turn

DEBUG:root:Order:2 16 20.0
DEBUG:root:Order:4 0 26.0
DEBUG:root:Order:4 2 4
DEBUG:root:Finish turn

DEBUG:root:Order:2 4 1
DEBUG:root:Finish turn

DEBUG:root:Order:2 19 6
DEBUG:root:Order:4 19 2
DEBUG:root:Finish turn

DEBUG:root:Order:2 19 2
DEBUG:root:Order:2 4 2
DEBUG:root:Finish turn

DEBUG:root:Order:2 19 1
DEBUG:root:Order:4 19 1
DEBUG:root:Finish turn

DEBUG:root:Order:2 19 1
DEBUG:root:Order:2 4 2
DEBUG:root:Finish turn

DEBUG:root:Order:2 15 6
DEBUG:root:Order:4 15 5
DEBUG:root:Order:19 15 2
DEBUG:root:Finish turn

DEBUG:root:Order:2 15 1
DEBUG:root:Order:2 19 1
DEBUG:root:Order:2 4 2
DEBUG:root:Finish turn

DEBUG:root:Order:2 19 1
DEBUG:root:Order:4 19 1
DEBUG:root:Finish turn

DEBUG:root:Order:2 19 1
DEBUG:root:Order:2 4 2
DEBUG:root:Finish turn

DEBUG:root:Order:2 19 1
DEBUG:root:Finish turn

DEBUG:root:Order:2 19 2
DEBUG:root:Finish turn

DEBUG:root:Order:2 19 3
DEBUG:root:Order:2 4 1
DEBUG:root:Finish turn

DEBUG:root:Order:2 0 8
DEBUG:root:Order:15 0 8
DEBUG:root:Order:4 0 6
DEBUG:root:Order:19 0 5
DEBUG:root:Finish turn

DEBUG:root:Order:2 0 1
DEBUG:root:Order:2 19 1
DEBUG:root:Order:2 4 2
DEBUG:root:Finish turn

DEBUG:root:Order:2 0 1
DEBUG:root:Order:2 19 1
DEBUG:root:Finish turn

DEBUG:root:Order:2 0 1
DEBUG:root:Order:15 0 1
DEBUG:root:Order:15 19 1
DEBUG:root:Finish turn

DEBUG:root:Order:2 9 40.0
DEBUG:root:Order:4 2 8
DEBUG:root:Order:15 2 8
DEBUG:root:Bad order:0 5.0 6
DEBUG:root:Order:19 2 5
DEBUG:root:Finish turn

DEBUG:root:Order:0 2 5
DEBUG:root:Order:0 19 1
DEBUG:root:Finish turn

DEBUG:root:Order:2 0 2
DEBUG:root:Order:2 19 1
DEBUG:root:Order:2 4 2
DEBUG:root:Order:15 4 1
DEBUG:root:Finish turn

DEBUG:root:Order:4 0 1
DEBUG:root:Order:4 19 1
DEBUG:root:Finish turn

DEBUG:root:Order:15 10 40.0
DEBUG:root:Order:2 3 19
DEBUG:root:Order:4 3 2
DEBUG:root:Order:4 15 16
DEBUG:root:Bad order:0 3.0 5
DEBUG:root:Bad order:0 3.0 14
DEBUG:root:Order:19 20 14
DEBUG:root:Finish turn

DEBUG:root:Bad order:0 4.0 8
DEBUG:root:Order:0 15 4
DEBUG:root:Bad order:0 0.0 1
DEBUG:root:Bad order:0 0.0 13
DEBUG:root:Order:2 3 3
DEBUG:root:Finish turn

DEBUG:root:Bad order:0 6.0 8
DEBUG:root:Order:2 20 3
DEBUG:root:Order:3 20 2
DEBUG:root:Finish turn

DEBUG:root:Order:0 16 10
DEBUG:root:Order:2 16 6
DEBUG:root:Order:15 16 4
DEBUG:root:Order:3 16 3
DEBUG:root:Order:4 16 1
DEBUG:root:Order:4 20 1
DEBUG:root:Finish turn

DEBUG:root:Order:2 20 2
DEBUG:root:Order:2 0 3
DEBUG:root:Order:15 0 1
DEBUG:root:Finish turn

DEBUG:root:Order:0 19 2
DEBUG:root:Order:0 20 2
DEBUG:root:Order:0 4 1
DEBUG:root:Finish turn

DEBUG:root:Order:2 0 3
DEBUG:root:Order:15 0 1
DEBUG:root:Order:15 19 1
DEBUG:root:Order:15 20 1
DEBUG:root:Order:15 3 1
DEBUG:root:Order:16 3 1
DEBUG:root:Finish turn

DEBUG:root:Order:2 9 7
DEBUG:root:Order:3 9 5
DEBUG:root:Order:16 9 5
DEBUG:root:Order:4 9 3
DEBUG:root:Order:0 9 2
DEBUG:root:Order:15 9 2
DEBUG:root:Order:19 9 2
DEBUG:root:Order:20 9 2
DEBUG:root:Finish turn

DEBUG:root:Order:2 9 2
DEBUG:root:Order:2 0 1
DEBUG:root:Order:2 19 1
DEBUG:root:Order:2 20 1
DEBUG:root:Finish turn

DEBUG:root:Order:15 0 1
DEBUG:root:Order:15 19 1
DEBUG:root:Order:15 20 1
DEBUG:root:Order:15 3 1
DEBUG:root:Order:16 3 1
DEBUG:root:Finish turn

DEBUG:root:Order:2 0 1
DEBUG:root:Order:2 15 1
DEBUG:root:Order:2 19 1
DEBUG:root:Order:2 20 1
DEBUG:root:Order:2 4 3
DEBUG:root:Order:3 4 1
DEBUG:root:Order:16 4 1
DEBUG:root:Finish turn

DEBUG:root:Order:4 0 1
DEBUG:root:Order:4 19 1
DEBUG:root:Order:4 20 1
DEBUG:root:Order:4 2 4
DEBUG:root:Order:16 2 1
DEBUG:root:Finish turn

DEBUG:root:Order:2 4 2
DEBUG:root:Order:2 0 1
DEBUG:root:Order:2 19 1
DEBUG:root:Order:2 20 1
DEBUG:root:Order:2 9 7
DEBUG:root:Order:15 9 1
DEBUG:root:Order:16 9 1
DEBUG:root:Finish turn

DEBUG:root:Order:9 0 2
DEBUG:root:Order:9 2 2
DEBUG:root:Order:9 19 2
DEBUG:root:Order:9 20 2
DEBUG:root:Order:9 4 1
DEBUG:root:Bad order:9 4.0 7
DEBUG:root:Finish turn

DEBUG:root:Order:15 5 46.0
DEBUG:root:Order:2 15 7
DEBUG:root:Order:16 15 6
DEBUG:root:Order:3 15 4
DEBUG:root:Order:4 15 4
DEBUG:root:Order:0 15 3
DEBUG:root:Order:9 15 3
DEBUG:root:Order:19 15 3
DEBUG:root:Order:20 15 3
DEBUG:root:Finish turn

DEBUG:root:Order:2 15 3
DEBUG:root:Order:16 15 1
DEBUG:root:Finish turn

DEBUG:root:Order:2 0 1
DEBUG:root:Order:2 19 1
DEBUG:root:Order:2 20 1
DEBUG:root:Order:2 15 3
DEBUG:root:Order:16 15 1
DEBUG:root:Finish turn

DEBUG:root:Order:15 0 1
DEBUG:root:Order:15 19 1
DEBUG:root:Order:15 20 1
DEBUG:root:Finish turn

DEBUG:root:Order:4 6 46.0
DEBUG:root:Order:2 10 12
DEBUG:root:Order:15 10 11
DEBUG:root:Order:16 10 11
DEBUG:root:Order:3 10 5
DEBUG:root:Order:3 4 9
DEBUG:root:Order:9 4 9
DEBUG:root:Order:0 4 7
DEBUG:root:Order:19 4 7
DEBUG:root:Order:20 4 4
DEBUG:root:Finish turn

DEBUG:root:Order:2 3 3
DEBUG:root:Order:20 3 1
DEBUG:root:Order:20 0 2
DEBUG:root:Order:15 0 1
DEBUG:root:Order:16 0 1
DEBUG:root:Finish turn

DEBUG:root:Order:2 19 2
DEBUG:root:Order:2 20 2
DEBUG:root:Order:2 3 1
DEBUG:root:Order:2 4 1
DEBUG:root:Order:2 10 1
DEBUG:root:Finish turn

